<?xml version="1.0" encoding="UTF-8"?>
<!-- Generated by org.testng.reporters.JUnitReportReporter -->
<testsuite skipped="0" hostname="DESKTOP-P5SR7E9" name="automation.selenium.tests.BookFlightTest" tests="1" failures="0" timestamp="15 Jan 2019 06:26:40 GMT" time="5.966" errors="0">
  <testcase name="testBookFlight" time="5.966" classname="automation.selenium.tests.BookFlightTest"/>
</testsuite> <!-- automation.selenium.tests.BookFlightTest -->
