<?xml version="1.0" encoding="UTF-8"?>
<!-- Generated by org.testng.reporters.JUnitReportReporter -->
<testsuite skipped="0" hostname="DESKTOP-P5SR7E9" name="automation.selenium.tests.RegisterTest" tests="2" failures="0" timestamp="2019-01-15T23:32:46 PST" time="3.161" errors="0">
  <testcase name="testRegister" time="1.510" classname="automation.selenium.tests.RegisterTest"/>
  <testcase name="testRegister" time="1.651" classname="automation.selenium.tests.RegisterTest"/>
</testsuite> <!-- automation.selenium.tests.RegisterTest -->
