<?xml version="1.0" encoding="UTF-8"?>
<!-- Generated by org.testng.reporters.JUnitReportReporter -->
<testsuite skipped="0" hostname="DESKTOP-P5SR7E9" name="automation.selenium.tests.LoginTest" tests="1" failures="0" timestamp="2019-01-15T23:32:46 PST" time="3.902" errors="0">
  <testcase name="testLogin" time="3.902" classname="automation.selenium.tests.LoginTest"/>
</testsuite> <!-- automation.selenium.tests.LoginTest -->
