<?xml version="1.0" encoding="UTF-8"?>
<!-- Generated by org.testng.reporters.JUnitReportReporter -->
<testsuite skipped="0" hostname="DESKTOP-P5SR7E9" name="automation.selenium.tests.BookFlightTest" tests="1" failures="0" timestamp="2019-01-15T23:32:46 PST" time="5.875" errors="0">
  <testcase name="testBookFlight" time="5.875" classname="automation.selenium.tests.BookFlightTest"/>
</testsuite> <!-- automation.selenium.tests.BookFlightTest -->
